2019-12-28 12:30:05 -  - exec CUpdateClient::GetUpdatesList
2019-12-28 12:30:05 -  - exec CUpdateClient::CollectRequestData
2019-12-28 12:30:05 -  - LICENSE_KEY=X&lang=ru&SUPD_VER=20.0.0&VERSION=20.0.0&TYPENC=D&SUPD_STS=1&SUPD_URS=0&SUPD_DBS=MYSQL&XE=N&CLIENT_SITE=blog-rusrobotics-bitrix.test&CHHB=blog-rusrobotics-bitrix.test&CSAB=127.0.0.1&SUID=606881bb14552ba84174f0d84c3c06f6&CANGZIP=Y&CLIENT_PHPVER=7.2.19&stable=Y&NGINX=Y&SMD=N&rerere=Y&bitm_main=20.0.0&bitm_b24connector=18.5.0&bitm_bitrixcloud=18.5.0&bitm_clouds=19.0.0&bitm_compression=19.0.0&bitm_fileman=18.5.500&bitm_highloadblock=19.0.0&bitm_iblock=18.6.1000&bitm_landing=19.0.175&bitm_messageservice=19.0.0&bitm_perfmon=18.5.0&bitm_rest=18.5.162&bitm_search=18.5.200&bitm_seo=19.0.800&bitm_socialservices=19.0.0&bitm_translate=18.0.100&bitm_ui=19.0.400&bitl_en=&bitl_ru=&SUPD_SRS=RU&SUPD_CMP=N&SALE_15=Y&LICENSE_SIGNED=%7Enew_license18_0_sign-N
2019-12-28 12:30:05 -  - exec CUpdateClient::GetHTTPPage
2019-12-28 12:30:06 -  - TIME GetUpdatesList(request) 0.294 sec
2019-12-28 12:30:06 -  - exec CUpdateClient::ParseServerData
2019-12-28 12:30:25 -  - exec CUpdateClient::GetUpdatesList
2019-12-28 12:30:25 -  - exec CUpdateClient::CollectRequestData
2019-12-28 12:30:26 -  - LICENSE_KEY=X&lang=ru&SUPD_VER=20.0.0&VERSION=20.0.0&TYPENC=D&SUPD_STS=1&SUPD_URS=0&SUPD_DBS=MYSQL&XE=N&CLIENT_SITE=blog-rusrobotics-bitrix.test&CHHB=blog-rusrobotics-bitrix.test&CSAB=127.0.0.1&SUID=606881bb14552ba84174f0d84c3c06f6&CANGZIP=Y&CLIENT_PHPVER=7.2.19&stable=Y&NGINX=Y&SMD=N&rerere=Y&bitm_main=20.0.0&bitm_b24connector=18.5.0&bitm_bitrixcloud=18.5.0&bitm_clouds=19.0.0&bitm_compression=19.0.0&bitm_fileman=18.5.500&bitm_highloadblock=19.0.0&bitm_iblock=18.6.1000&bitm_landing=19.0.175&bitm_messageservice=19.0.0&bitm_perfmon=18.5.0&bitm_rest=18.5.162&bitm_search=18.5.200&bitm_seo=19.0.800&bitm_socialservices=19.0.0&bitm_translate=18.0.100&bitm_ui=19.0.400&bitl_en=&bitl_ru=&SUPD_SRS=RU&SUPD_CMP=N&SALE_15=Y&LICENSE_SIGNED=%7Enew_license18_0_sign-Y
2019-12-28 12:30:26 -  - exec CUpdateClient::GetHTTPPage
2019-12-28 12:30:26 -  - TIME GetUpdatesList(request) 0.228 sec
2019-12-28 12:30:26 -  - exec CUpdateClient::ParseServerData
2019-12-30 13:43:46 -  - exec CUpdateClient::GetUpdatesList
2019-12-30 13:43:46 -  - exec CUpdateClient::CollectRequestData
2019-12-30 13:43:46 -  - LICENSE_KEY=X&lang=ru&SUPD_VER=20.0.0&VERSION=20.0.0&TYPENC=D&SUPD_STS=1&SUPD_URS=0&SUPD_DBS=MYSQL&XE=N&CLIENT_SITE=blog-rusrobotics-bitrix.test&CHHB=blog-rusrobotics-bitrix.test&CSAB=127.0.0.1&SUID=606881bb14552ba84174f0d84c3c06f6&CANGZIP=Y&CLIENT_PHPVER=7.2.19&stable=Y&NGINX=Y&SMD=N&rerere=Y&bitm_main=20.0.0&bitm_b24connector=18.5.0&bitm_bitrixcloud=18.5.0&bitm_clouds=19.0.0&bitm_compression=19.0.0&bitm_fileman=18.5.500&bitm_highloadblock=19.0.0&bitm_iblock=18.6.1000&bitm_landing=19.0.175&bitm_messageservice=19.0.0&bitm_perfmon=18.5.0&bitm_rest=18.5.162&bitm_search=18.5.200&bitm_seo=19.0.800&bitm_socialservices=19.0.0&bitm_translate=18.0.100&bitm_ui=19.0.400&bitl_en=&bitl_ru=&SUPD_SRS=RU&SUPD_CMP=N&SALE_15=Y&LICENSE_SIGNED=%7Enew_license18_0_sign-Y
2019-12-30 13:43:46 -  - exec CUpdateClient::GetHTTPPage
2019-12-30 13:43:47 -  - TIME GetUpdatesList(request) 0.354 sec
2019-12-30 13:43:47 -  - exec CUpdateClient::ParseServerData
2019-12-30 13:45:00 -  - exec CUpdateClient::GetUpdatesList
2019-12-30 13:45:00 -  - exec CUpdateClient::CollectRequestData
2019-12-30 13:45:00 -  - LICENSE_KEY=X&lang=ru&SUPD_VER=20.0.0&VERSION=20.0.0&TYPENC=D&SUPD_STS=1&SUPD_URS=0&SUPD_DBS=MYSQL&XE=N&CLIENT_SITE=blog-rusrobotics-bitrix.test&CHHB=blog-rusrobotics-bitrix.test&CSAB=127.0.0.1&SUID=606881bb14552ba84174f0d84c3c06f6&CANGZIP=Y&CLIENT_PHPVER=7.2.19&stable=Y&NGINX=Y&SMD=N&rerere=Y&bitm_main=20.0.0&bitm_b24connector=18.5.0&bitm_bitrixcloud=18.5.0&bitm_clouds=19.0.0&bitm_compression=19.0.0&bitm_fileman=18.5.500&bitm_highloadblock=19.0.0&bitm_iblock=18.6.1000&bitm_landing=19.0.175&bitm_messageservice=19.0.0&bitm_perfmon=18.5.0&bitm_rest=18.5.162&bitm_search=18.5.200&bitm_seo=19.0.800&bitm_socialservices=19.0.0&bitm_translate=18.0.100&bitm_ui=19.0.400&bitl_en=&bitl_ru=&SUPD_SRS=RU&SUPD_CMP=N&SALE_15=Y&LICENSE_SIGNED=%7Enew_license18_0_sign-Y
2019-12-30 13:45:00 -  - exec CUpdateClient::GetHTTPPage
2019-12-30 13:45:00 -  - TIME GetUpdatesList(request) 0.358 sec
2019-12-30 13:45:00 -  - exec CUpdateClient::ParseServerData
2019-12-30 13:45:03 -  - exec CUpdateClient::GetUpdatesList
2019-12-30 13:45:03 -  - exec CUpdateClient::CollectRequestData
2019-12-30 13:45:03 -  - LICENSE_KEY=X&lang=ru&SUPD_VER=20.0.0&VERSION=20.0.0&TYPENC=D&SUPD_STS=1&SUPD_URS=0&SUPD_DBS=MYSQL&XE=N&CLIENT_SITE=blog-rusrobotics-bitrix.test&CHHB=blog-rusrobotics-bitrix.test&CSAB=127.0.0.1&SUID=606881bb14552ba84174f0d84c3c06f6&CANGZIP=Y&CLIENT_PHPVER=7.2.19&stable=Y&NGINX=Y&SMD=N&rerere=Y&bitm_main=20.0.0&bitm_b24connector=18.5.0&bitm_bitrixcloud=18.5.0&bitm_clouds=19.0.0&bitm_compression=19.0.0&bitm_fileman=18.5.500&bitm_highloadblock=19.0.0&bitm_iblock=18.6.1000&bitm_landing=19.0.175&bitm_messageservice=19.0.0&bitm_perfmon=18.5.0&bitm_rest=18.5.162&bitm_search=18.5.200&bitm_seo=19.0.800&bitm_socialservices=19.0.0&bitm_translate=18.0.100&bitm_ui=19.0.400&bitl_en=&bitl_ru=&SUPD_SRS=RU&SUPD_CMP=N&SALE_15=Y&LICENSE_SIGNED=%7Enew_license18_0_sign-Y
2019-12-30 13:45:03 -  - exec CUpdateClient::GetHTTPPage
2019-12-30 13:45:03 -  - TIME GetUpdatesList(request) 0.229 sec
2019-12-30 13:45:03 -  - exec CUpdateClient::ParseServerData
2019-12-30 22:00:28 -  - exec CUpdateClient::GetUpdatesList
2019-12-30 22:00:28 -  - exec CUpdateClient::CollectRequestData
2019-12-30 22:00:28 -  - LICENSE_KEY=X&lang=ru&SUPD_VER=20.0.0&VERSION=20.0.0&TYPENC=D&SUPD_STS=1&SUPD_URS=0&SUPD_DBS=MYSQL&XE=N&CLIENT_SITE=blog-rusrobotics-bitrix.test&CHHB=blog-rusrobotics-bitrix.test&CSAB=127.0.0.1&SUID=606881bb14552ba84174f0d84c3c06f6&CANGZIP=Y&CLIENT_PHPVER=7.2.19&stable=Y&NGINX=Y&SMD=N&rerere=Y&bitm_main=20.0.0&bitm_b24connector=18.5.0&bitm_bitrixcloud=18.5.0&bitm_clouds=19.0.0&bitm_compression=19.0.0&bitm_fileman=18.5.500&bitm_highloadblock=19.0.0&bitm_iblock=18.6.1000&bitm_landing=19.0.175&bitm_messageservice=19.0.0&bitm_perfmon=18.5.0&bitm_rest=18.5.162&bitm_search=18.5.200&bitm_seo=19.0.800&bitm_socialservices=19.0.0&bitm_translate=18.0.100&bitm_ui=19.0.400&bitl_en=&bitl_ru=&SUPD_SRS=RU&SUPD_CMP=N&SALE_15=Y&LICENSE_SIGNED=%7Enew_license18_0_sign-Y
2019-12-30 22:00:28 -  - exec CUpdateClient::GetHTTPPage
2019-12-30 22:00:29 -  - TIME GetUpdatesList(request) 0.346 sec
2019-12-30 22:00:29 -  - exec CUpdateClient::ParseServerData
